Performing C++ SOURCE FILE Test CMAKE_HAVE_LIBC_PTHREAD failed with the following output:
Change Dir: /home/brmbc/桌面/vs-project/RMvision/build/CMakeFiles/CMakeTmp

Run Build Command(s):/usr/bin/make cmTC_ae06a/fast && /usr/bin/make -f CMakeFiles/cmTC_ae06a.dir/build.make CMakeFiles/cmTC_ae06a.dir/build
make[1]: 进入目录“/home/brmbc/桌面/vs-project/RMvision/build/CMakeFiles/CMakeTmp”
Building CXX object CMakeFiles/cmTC_ae06a.dir/src.cxx.o
/usr/bin/c++    -DCMAKE_HAVE_LIBC_PTHREAD   -o CMakeFiles/cmTC_ae06a.dir/src.cxx.o -c /home/brmbc/桌面/vs-project/RMvision/build/CMakeFiles/CMakeTmp/src.cxx
Linking CXX executable cmTC_ae06a
/usr/bin/cmake -E cmake_link_script CMakeFiles/cmTC_ae06a.dir/link.txt --verbose=1
/usr/bin/c++   -DCMAKE_HAVE_LIBC_PTHREAD    CMakeFiles/cmTC_ae06a.dir/src.cxx.o  -o cmTC_ae06a 
/usr/bin/ld: CMakeFiles/cmTC_ae06a.dir/src.cxx.o: in function `main':
src.cxx:(.text+0x46): undefined reference to `pthread_create'
/usr/bin/ld: src.cxx:(.text+0x52): undefined reference to `pthread_detach'
/usr/bin/ld: src.cxx:(.text+0x63): undefined reference to `pthread_join'
collect2: error: ld returned 1 exit status
make[1]: *** [CMakeFiles/cmTC_ae06a.dir/build.make:87：cmTC_ae06a] 错误 1
make[1]: 离开目录“/home/brmbc/桌面/vs-project/RMvision/build/CMakeFiles/CMakeTmp”
make: *** [Makefile:121：cmTC_ae06a/fast] 错误 2


Source file was:
#include <pthread.h>

void* test_func(void* data)
{
  return data;
}

int main(void)
{
  pthread_t thread;
  pthread_create(&thread, NULL, test_func, NULL);
  pthread_detach(thread);
  pthread_join(thread, NULL);
  pthread_atfork(NULL, NULL, NULL);
  pthread_exit(NULL);

  return 0;
}

Determining if the function pthread_create exists in the pthreads failed with the following output:
Change Dir: /home/brmbc/桌面/vs-project/RMvision/build/CMakeFiles/CMakeTmp

Run Build Command(s):/usr/bin/make cmTC_6badf/fast && /usr/bin/make -f CMakeFiles/cmTC_6badf.dir/build.make CMakeFiles/cmTC_6badf.dir/build
make[1]: 进入目录“/home/brmbc/桌面/vs-project/RMvision/build/CMakeFiles/CMakeTmp”
Building CXX object CMakeFiles/cmTC_6badf.dir/CheckFunctionExists.cxx.o
/usr/bin/c++    -DCHECK_FUNCTION_EXISTS=pthread_create   -o CMakeFiles/cmTC_6badf.dir/CheckFunctionExists.cxx.o -c /home/brmbc/桌面/vs-project/RMvision/build/CMakeFiles/CheckLibraryExists/CheckFunctionExists.cxx
Linking CXX executable cmTC_6badf
/usr/bin/cmake -E cmake_link_script CMakeFiles/cmTC_6badf.dir/link.txt --verbose=1
/usr/bin/c++   -DCHECK_FUNCTION_EXISTS=pthread_create    CMakeFiles/cmTC_6badf.dir/CheckFunctionExists.cxx.o  -o cmTC_6badf  -lpthreads 
/usr/bin/ld: 找不到 -lpthreads
collect2: error: ld returned 1 exit status
make[1]: *** [CMakeFiles/cmTC_6badf.dir/build.make:87：cmTC_6badf] 错误 1
make[1]: 离开目录“/home/brmbc/桌面/vs-project/RMvision/build/CMakeFiles/CMakeTmp”
make: *** [Makefile:121：cmTC_6badf/fast] 错误 2



